# JRE version: 7.0_25-b15
# Java VM: Java HotSpot(TM) 64-Bit Server VM (23.25-b01 mixed mode linux-amd64 )
Heap
 PSYoungGen      total 19573440K, used 838864K [0x00007fd0faab0000, 0x00007fd650000000, 0x00007fd650000000)
  eden space 16777280K, 5% used [0x00007fd0faab0000,0x00007fd12dde40a0,0x00007fd4faac0000)
  from space 2796160K, 0% used [0x00007fd5a5560000,0x00007fd5a5560000,0x00007fd650000000)
  to   space 2796160K, 0% used [0x00007fd4faac0000,0x00007fd4faac0000,0x00007fd5a5560000)
 ParOldGen       total 44739264K, used 740030K [0x00007fc650000000, 0x00007fd0faab0000, 0x00007fd0faab0000)
  object space 44739264K, 1% used [0x00007fc650000000,0x00007fc67d2afad8,0x00007fd0faab0000)
 PSPermGen       total 21248K, used 5360K [0x00007fc64ae00000, 0x00007fc64c2c0000, 0x00007fc650000000)
  object space 21248K, 25% used [0x00007fc64ae00000,0x00007fc64b33c1e8,0x00007fc64c2c0000)
GC Heap History (10 events):
Event: 435.004 GC heap before
{Heap before GC invocations=344 (full 172):
 PSYoungGen      total 19573440K, used 0K [0x00007fd0faab0000, 0x00007fd650000000, 0x00007fd650000000)
  eden space 16777280K, 0% used [0x00007fd0faab0000,0x00007fd0faab0000,0x00007fd4faac0000)
  from space 2796160K, 0% used [0x00007fd5a5560000,0x00007fd5a5560000,0x00007fd650000000)
  to   space 2796160K, 0% used [0x00007fd4faac0000,0x00007fd4faac0000,0x00007fd5a5560000)
 ParOldGen       total 44739264K, used 740027K [0x00007fc650000000, 0x00007fd0faab0000, 0x00007fd0faab0000)
  object space 44739264K, 1% used [0x00007fc650000000,0x00007fc67d2aec68,0x00007fd0faab0000)
 PSPermGen       total 21248K, used 5348K [0x00007fc64ae00000, 0x00007fc64c2c0000, 0x00007fc650000000)
  object space 21248K, 25% used [0x00007fc64ae00000,0x00007fc64b339230,0x00007fc64c2c0000)
Event: 436.076 GC heap after
Heap after GC invocations=344 (full 172):
 PSYoungGen      total 19573440K, used 0K [0x00007fd0faab0000, 0x00007fd650000000, 0x00007fd650000000)
  eden space 16777280K, 0% used [0x00007fd0faab0000,0x00007fd0faab0000,0x00007fd4faac0000)
  from space 2796160K, 0% used [0x00007fd5a5560000,0x00007fd5a5560000,0x00007fd650000000)
  to   space 2796160K, 0% used [0x00007fd4faac0000,0x00007fd4faac0000,0x00007fd5a5560000)
 ParOldGen       total 44739264K, used 740027K [0x00007fc650000000, 0x00007fd0faab0000, 0x00007fd0faab0000)
  object space 44739264K, 1% used [0x00007fc650000000,0x00007fc67d2aec68,0x00007fd0faab0000)
 PSPermGen       total 21248K, used 5348K [0x00007fc64ae00000, 0x00007fc64c2c0000, 0x00007fc650000000)
  object space 21248K, 25% used [0x00007fc64ae00000,0x00007fc64b339230,0x00007fc64c2c0000)
}
Event: 437.076 GC heap before
{Heap before GC invocations=345 (full 172):
 PSYoungGen      total 19573440K, used 335545K [0x00007fd0faab0000, 0x00007fd650000000, 0x00007fd650000000)
  eden space 16777280K, 2% used [0x00007fd0faab0000,0x00007fd10f25e6a0,0x00007fd4faac0000)
  from space 2796160K, 0% used [0x00007fd5a5560000,0x00007fd5a5560000,0x00007fd650000000)
  to   space 2796160K, 0% used [0x00007fd4faac0000,0x00007fd4faac0000,0x00007fd5a5560000)
 ParOldGen       total 44739264K, used 740027K [0x00007fc650000000, 0x00007fd0faab0000, 0x00007fd0faab0000)
  object space 44739264K, 1% used [0x00007fc650000000,0x00007fc67d2aec68,0x00007fd0faab0000)
 PSPermGen       total 21248K, used 5348K [0x00007fc64ae00000, 0x00007fc64c2c0000, 0x00007fc650000000)
  object space 21248K, 25% used [0x00007fc64ae00000,0x00007fc64b339230,0x00007fc64c2c0000)
Event: 437.082 GC heap after
Heap after GC invocations=345 (full 172):
 PSYoungGen      total 19573440K, used 0K [0x00007fd0faab0000, 0x00007fd650000000, 0x00007fd650000000)
  eden space 16777280K, 0% used [0x00007fd0faab0000,0x00007fd0faab0000,0x00007fd4faac0000)
  from space 2796160K, 0% used [0x00007fd4faac0000,0x00007fd4faac0000,0x00007fd5a5560000)
  to   space 2796160K, 0% used [0x00007fd5a5560000,0x00007fd5a5560000,0x00007fd650000000)
 ParOldGen       total 44739264K, used 740027K [0x00007fc650000000, 0x00007fd0faab0000, 0x00007fd0faab0000)
  object space 44739264K, 1% used [0x00007fc650000000,0x00007fc67d2aec68,0x00007fd0faab0000)
 PSPermGen       total 21248K, used 5348K [0x00007fc64ae00000, 0x00007fc64c2c0000, 0x00007fc650000000)
  object space 21248K, 25% used [0x00007fc64ae00000,0x00007fc64b339230,0x00007fc64c2c0000)
}
Event: 437.082 GC heap before
{Heap before GC invocations=346 (full 173):
 PSYoungGen      total 19573440K, used 0K [0x00007fd0faab0000, 0x00007fd650000000, 0x00007fd650000000)
  eden space 16777280K, 0% used [0x00007fd0faab0000,0x00007fd0faab0000,0x00007fd4faac0000)
  from space 2796160K, 0% used [0x00007fd4faac0000,0x00007fd4faac0000,0x00007fd5a5560000)
  to   space 2796160K, 0% used [0x00007fd5a5560000,0x00007fd5a5560000,0x00007fd650000000)
 ParOldGen       total 44739264K, used 740027K [0x00007fc650000000, 0x00007fd0faab0000, 0x00007fd0faab0000)
  object space 44739264K, 1% used [0x00007fc650000000,0x00007fc67d2aec68,0x00007fd0faab0000)
 PSPermGen       total 21248K, used 5348K [0x00007fc64ae00000, 0x00007fc64c2c0000, 0x00007fc650000000)
  object space 21248K, 25% used [0x00007fc64ae00000,0x00007fc64b339230,0x00007fc64c2c0000)
Event: 437.953 GC heap after
Heap after GC invocations=346 (full 173):
 PSYoungGen      total 19573440K, used 0K [0x00007fd0faab0000, 0x00007fd650000000, 0x00007fd650000000)
  eden space 16777280K, 0% used [0x00007fd0faab0000,0x00007fd0faab0000,0x00007fd4faac0000)
  from space 2796160K, 0% used [0x00007fd4faac0000,0x00007fd4faac0000,0x00007fd5a5560000)
  to   space 2796160K, 0% used [0x00007fd5a5560000,0x00007fd5a5560000,0x00007fd650000000)
 ParOldGen       total 44739264K, used 740027K [0x00007fc650000000, 0x00007fd0faab0000, 0x00007fd0faab0000)
  object space 44739264K, 1% used [0x00007fc650000000,0x00007fc67d2aec68,0x00007fd0faab0000)
 PSPermGen       total 21248K, used 5348K [0x00007fc64ae00000, 0x00007fc64c2c0000, 0x00007fc650000000)
  object space 21248K, 25% used [0x00007fc64ae00000,0x00007fc64b339230,0x00007fc64c2c0000)
}
Event: 438.953 GC heap before
{Heap before GC invocations=347 (full 173):
 PSYoungGen      total 19573440K, used 335545K [0x00007fd0faab0000, 0x00007fd650000000, 0x00007fd650000000)
  eden space 16777280K, 2% used [0x00007fd0faab0000,0x00007fd10f25e6a0,0x00007fd4faac0000)
  from space 2796160K, 0% used [0x00007fd4faac0000,0x00007fd4faac0000,0x00007fd5a5560000)
  to   space 2796160K, 0% used [0x00007fd5a5560000,0x00007fd5a5560000,0x00007fd650000000)
 ParOldGen       total 44739264K, used 740027K [0x00007fc650000000, 0x00007fd0faab0000, 0x00007fd0faab0000)
  object space 44739264K, 1% used [0x00007fc650000000,0x00007fc67d2aec68,0x00007fd0faab0000)
 PSPermGen       total 21248K, used 5348K [0x00007fc64ae00000, 0x00007fc64c2c0000, 0x00007fc650000000)
  object space 21248K, 25% used [0x00007fc64ae00000,0x00007fc64b339230,0x00007fc64c2c0000)
Event: 438.966 GC heap after
Heap after GC invocations=347 (full 173):
 PSYoungGen      total 19573440K, used 0K [0x00007fd0faab0000, 0x00007fd650000000, 0x00007fd650000000)
  eden space 16777280K, 0% used [0x00007fd0faab0000,0x00007fd0faab0000,0x00007fd4faac0000)
  from space 2796160K, 0% used [0x00007fd5a5560000,0x00007fd5a5560000,0x00007fd650000000)
  to   space 2796160K, 0% used [0x00007fd4faac0000,0x00007fd4faac0000,0x00007fd5a5560000)
 ParOldGen       total 44739264K, used 740027K [0x00007fc650000000, 0x00007fd0faab0000, 0x00007fd0faab0000)
  object space 44739264K, 1% used [0x00007fc650000000,0x00007fc67d2aec68,0x00007fd0faab0000)
 PSPermGen       total 21248K, used 5348K [0x00007fc64ae00000, 0x00007fc64c2c0000, 0x00007fc650000000)
  object space 21248K, 25% used [0x00007fc64ae00000,0x00007fc64b339230,0x00007fc64c2c0000)
}
Event: 438.966 GC heap before
{Heap before GC invocations=348 (full 174):
 PSYoungGen      total 19573440K, used 0K [0x00007fd0faab0000, 0x00007fd650000000, 0x00007fd650000000)
  eden space 16777280K, 0% used [0x00007fd0faab0000,0x00007fd0faab0000,0x00007fd4faac0000)
  from space 2796160K, 0% used [0x00007fd5a5560000,0x00007fd5a5560000,0x00007fd650000000)
  to   space 2796160K, 0% used [0x00007fd4faac0000,0x00007fd4faac0000,0x00007fd5a5560000)
 ParOldGen       total 44739264K, used 740027K [0x00007fc650000000, 0x00007fd0faab0000, 0x00007fd0faab0000)
  object space 44739264K, 1% used [0x00007fc650000000,0x00007fc67d2aec68,0x00007fd0faab0000)
 PSPermGen       total 21248K, used 5348K [0x00007fc64ae00000, 0x00007fc64c2c0000, 0x00007fc650000000)
  object space 21248K, 25% used [0x00007fc64ae00000,0x00007fc64b339230,0x00007fc64c2c0000)
Event: 440.417 GC heap after
Heap after GC invocations=348 (full 174):
 PSYoungGen      total 19573440K, used 0K [0x00007fd0faab0000, 0x00007fd650000000, 0x00007fd650000000)
  eden space 16777280K, 0% used [0x00007fd0faab0000,0x00007fd0faab0000,0x00007fd4faac0000)
  from space 2796160K, 0% used [0x00007fd5a5560000,0x00007fd5a5560000,0x00007fd650000000)
  to   space 2796160K, 0% used [0x00007fd4faac0000,0x00007fd4faac0000,0x00007fd5a5560000)
 ParOldGen       total 44739264K, used 740030K [0x00007fc650000000, 0x00007fd0faab0000, 0x00007fd0faab0000)
  object space 44739264K, 1% used [0x00007fc650000000,0x00007fc67d2afad8,0x00007fd0faab0000)
 PSPermGen       total 21248K, used 5348K [0x00007fc64ae00000, 0x00007fc64c2c0000, 0x00007fc650000000)
  object space 21248K, 25% used [0x00007fc64ae00000,0x00007fc64b339230,0x00007fc64c2c0000)
}

