# JRE version: 7.0_25-b15
# Java VM: Java HotSpot(TM) 64-Bit Server VM (23.25-b01 mixed mode linux-amd64 )
Heap
 PSYoungGen      total 19573440K, used 671091K [0x00007fde7bab0000, 0x00007fe3d1000000, 0x00007fe3d1000000)
  eden space 16777280K, 4% used [0x00007fde7bab0000,0x00007fdea4a0cd20,0x00007fe27bac0000)
  from space 2796160K, 0% used [0x00007fe27bac0000,0x00007fe27bac0000,0x00007fe326560000)
  to   space 2796160K, 0% used [0x00007fe326560000,0x00007fe326ed0000,0x00007fe3d1000000)
 ParOldGen       total 44739264K, used 402080K [0x00007fd3d1000000, 0x00007fde7bab0000, 0x00007fde7bab0000)
  object space 44739264K, 0% used [0x00007fd3d1000000,0x00007fd3e98a8228,0x00007fde7bab0000)
 PSPermGen       total 21248K, used 5302K [0x00007fd3cbe00000, 0x00007fd3cd2c0000, 0x00007fd3d1000000)
  object space 21248K, 24% used [0x00007fd3cbe00000,0x00007fd3cc32db68,0x00007fd3cd2c0000)
GC Heap History (10 events):
Event: 1.404 GC heap after
Heap after GC invocations=2 (full 1):
 PSYoungGen      total 19573440K, used 0K [0x00007fde7bab0000, 0x00007fe3d1000000, 0x00007fe3d1000000)
  eden space 16777280K, 0% used [0x00007fde7bab0000,0x00007fde7bab0000,0x00007fe27bac0000)
  from space 2796160K, 0% used [0x00007fe27bac0000,0x00007fe27bac0000,0x00007fe326560000)
  to   space 2796160K, 0% used [0x00007fe326560000,0x00007fe326560000,0x00007fe3d1000000)
 ParOldGen       total 44739264K, used 12196K [0x00007fd3d1000000, 0x00007fde7bab0000, 0x00007fde7bab0000)
  object space 44739264K, 0% used [0x00007fd3d1000000,0x00007fd3d1be9048,0x00007fde7bab0000)
 PSPermGen       total 21248K, used 5122K [0x00007fd3cbe00000, 0x00007fd3cd2c0000, 0x00007fd3d1000000)
  object space 21248K, 24% used [0x00007fd3cbe00000,0x00007fd3cc300ab0,0x00007fd3cd2c0000)
}
Event: 2.405 GC heap before
{Heap before GC invocations=3 (full 1):
 PSYoungGen      total 19573440K, used 1677728K [0x00007fde7bab0000, 0x00007fe3d1000000, 0x00007fe3d1000000)
  eden space 16777280K, 10% used [0x00007fde7bab0000,0x00007fdee2118150,0x00007fe27bac0000)
  from space 2796160K, 0% used [0x00007fe27bac0000,0x00007fe27bac0000,0x00007fe326560000)
  to   space 2796160K, 0% used [0x00007fe326560000,0x00007fe326560000,0x00007fe3d1000000)
 ParOldGen       total 44739264K, used 12196K [0x00007fd3d1000000, 0x00007fde7bab0000, 0x00007fde7bab0000)
  object space 44739264K, 0% used [0x00007fd3d1000000,0x00007fd3d1be9048,0x00007fde7bab0000)
 PSPermGen       total 21248K, used 5300K [0x00007fd3cbe00000, 0x00007fd3cd2c0000, 0x00007fd3d1000000)
  object space 21248K, 24% used [0x00007fd3cbe00000,0x00007fd3cc32d1a0,0x00007fd3cd2c0000)
Event: 2.517 GC heap after
Heap after GC invocations=3 (full 1):
 PSYoungGen      total 19573440K, used 264575K [0x00007fde7bab0000, 0x00007fe3d1000000, 0x00007fe3d1000000)
  eden space 16777280K, 0% used [0x00007fde7bab0000,0x00007fde7bab0000,0x00007fe27bac0000)
  from space 2796160K, 9% used [0x00007fe326560000,0x00007fe3367bfe48,0x00007fe3d1000000)
  to   space 2796160K, 0% used [0x00007fe27bac0000,0x00007fe27bac0000,0x00007fe326560000)
 ParOldGen       total 44739264K, used 12204K [0x00007fd3d1000000, 0x00007fde7bab0000, 0x00007fde7bab0000)
  object space 44739264K, 0% used [0x00007fd3d1000000,0x00007fd3d1beb048,0x00007fde7bab0000)
 PSPermGen       total 21248K, used 5300K [0x00007fd3cbe00000, 0x00007fd3cd2c0000, 0x00007fd3d1000000)
  object space 21248K, 24% used [0x00007fd3cbe00000,0x00007fd3cc32d1a0,0x00007fd3cd2c0000)
}
Event: 2.517 GC heap before
{Heap before GC invocations=4 (full 2):
 PSYoungGen      total 19573440K, used 264575K [0x00007fde7bab0000, 0x00007fe3d1000000, 0x00007fe3d1000000)
  eden space 16777280K, 0% used [0x00007fde7bab0000,0x00007fde7bab0000,0x00007fe27bac0000)
  from space 2796160K, 9% used [0x00007fe326560000,0x00007fe3367bfe48,0x00007fe3d1000000)
  to   space 2796160K, 0% used [0x00007fe27bac0000,0x00007fe27bac0000,0x00007fe326560000)
 ParOldGen       total 44739264K, used 12204K [0x00007fd3d1000000, 0x00007fde7bab0000, 0x00007fde7bab0000)
  object space 44739264K, 0% used [0x00007fd3d1000000,0x00007fd3d1beb048,0x00007fde7bab0000)
 PSPermGen       total 21248K, used 5300K [0x00007fd3cbe00000, 0x00007fd3cd2c0000, 0x00007fd3d1000000)
  object space 21248K, 24% used [0x00007fd3cbe00000,0x00007fd3cc32d1a0,0x00007fd3cd2c0000)
Event: 2.916 GC heap after
Heap after GC invocations=4 (full 2):
 PSYoungGen      total 19573440K, used 0K [0x00007fde7bab0000, 0x00007fe3d1000000, 0x00007fe3d1000000)
  eden space 16777280K, 0% used [0x00007fde7bab0000,0x00007fde7bab0000,0x00007fe27bac0000)
  from space 2796160K, 0% used [0x00007fe326560000,0x00007fe326560000,0x00007fe3d1000000)
  to   space 2796160K, 0% used [0x00007fe27bac0000,0x00007fe27bac0000,0x00007fe326560000)
 ParOldGen       total 44739264K, used 203670K [0x00007fd3d1000000, 0x00007fde7bab0000, 0x00007fde7bab0000)
  object space 44739264K, 0% used [0x00007fd3d1000000,0x00007fd3dd6e58e8,0x00007fde7bab0000)
 PSPermGen       total 21248K, used 5300K [0x00007fd3cbe00000, 0x00007fd3cd2c0000, 0x00007fd3d1000000)
  object space 21248K, 24% used [0x00007fd3cbe00000,0x00007fd3cc32d140,0x00007fd3cd2c0000)
}
Event: 3.916 GC heap before
{Heap before GC invocations=5 (full 2):
 PSYoungGen      total 19573440K, used 671091K [0x00007fde7bab0000, 0x00007fe3d1000000, 0x00007fe3d1000000)
  eden space 16777280K, 4% used [0x00007fde7bab0000,0x00007fdea4a0cd20,0x00007fe27bac0000)
  from space 2796160K, 0% used [0x00007fe326560000,0x00007fe326560000,0x00007fe3d1000000)
  to   space 2796160K, 0% used [0x00007fe27bac0000,0x00007fe27bac0000,0x00007fe326560000)
 ParOldGen       total 44739264K, used 203670K [0x00007fd3d1000000, 0x00007fde7bab0000, 0x00007fde7bab0000)
  object space 44739264K, 0% used [0x00007fd3d1000000,0x00007fd3dd6e58e8,0x00007fde7bab0000)
 PSPermGen       total 21248K, used 5300K [0x00007fd3cbe00000, 0x00007fd3cd2c0000, 0x00007fd3d1000000)
  object space 21248K, 24% used [0x00007fd3cbe00000,0x00007fd3cc32d180,0x00007fd3cd2c0000)
Event: 5.284 GC heap after
Heap after GC invocations=5 (full 2):
 PSYoungGen      total 19573440K, used 199264K [0x00007fde7bab0000, 0x00007fe3d1000000, 0x00007fe3d1000000)
  eden space 16777280K, 0% used [0x00007fde7bab0000,0x00007fde7bab0000,0x00007fe27bac0000)
  from space 2796160K, 7% used [0x00007fe27bac0000,0x00007fe287d58000,0x00007fe326560000)
  to   space 2796160K, 0% used [0x00007fe326560000,0x00007fe326560000,0x00007fe3d1000000)
 ParOldGen       total 44739264K, used 203670K [0x00007fd3d1000000, 0x00007fde7bab0000, 0x00007fde7bab0000)
  object space 44739264K, 0% used [0x00007fd3d1000000,0x00007fd3dd6e58e8,0x00007fde7bab0000)
 PSPermGen       total 21248K, used 5300K [0x00007fd3cbe00000, 0x00007fd3cd2c0000, 0x00007fd3d1000000)
  object space 21248K, 24% used [0x00007fd3cbe00000,0x00007fd3cc32d180,0x00007fd3cd2c0000)
}
Event: 5.284 GC heap before
{Heap before GC invocations=6 (full 3):
 PSYoungGen      total 19573440K, used 199264K [0x00007fde7bab0000, 0x00007fe3d1000000, 0x00007fe3d1000000)
  eden space 16777280K, 0% used [0x00007fde7bab0000,0x00007fde7bab0000,0x00007fe27bac0000)
  from space 2796160K, 7% used [0x00007fe27bac0000,0x00007fe287d58000,0x00007fe326560000)
  to   space 2796160K, 0% used [0x00007fe326560000,0x00007fe326560000,0x00007fe3d1000000)
 ParOldGen       total 44739264K, used 203670K [0x00007fd3d1000000, 0x00007fde7bab0000, 0x00007fde7bab0000)
  object space 44739264K, 0% used [0x00007fd3d1000000,0x00007fd3dd6e58e8,0x00007fde7bab0000)
 PSPermGen       total 21248K, used 5300K [0x00007fd3cbe00000, 0x00007fd3cd2c0000, 0x00007fd3d1000000)
  object space 21248K, 24% used [0x00007fd3cbe00000,0x00007fd3cc32d180,0x00007fd3cd2c0000)
Event: 6.502 GC heap after
Heap after GC invocations=6 (full 3):
 PSYoungGen      total 19573440K, used 0K [0x00007fde7bab0000, 0x00007fe3d1000000, 0x00007fe3d1000000)
  eden space 16777280K, 0% used [0x00007fde7bab0000,0x00007fde7bab0000,0x00007fe27bac0000)
  from space 2796160K, 0% used [0x00007fe27bac0000,0x00007fe27bac0000,0x00007fe326560000)
  to   space 2796160K, 0% used [0x00007fe326560000,0x00007fe326560000,0x00007fe3d1000000)
 ParOldGen       total 44739264K, used 402080K [0x00007fd3d1000000, 0x00007fde7bab0000, 0x00007fde7bab0000)
  object space 44739264K, 0% used [0x00007fd3d1000000,0x00007fd3e98a8228,0x00007fde7bab0000)
 PSPermGen       total 21248K, used 5300K [0x00007fd3cbe00000, 0x00007fd3cd2c0000, 0x00007fd3d1000000)
  object space 21248K, 24% used [0x00007fd3cbe00000,0x00007fd3cc32d140,0x00007fd3cd2c0000)
}
Event: 7.503 GC heap before
{Heap before GC invocations=7 (full 3):
 PSYoungGen      total 19573440K, used 671091K [0x00007fde7bab0000, 0x00007fe3d1000000, 0x00007fe3d1000000)
  eden space 16777280K, 4% used [0x00007fde7bab0000,0x00007fdea4a0cd20,0x00007fe27bac0000)
  from space 2796160K, 0% used [0x00007fe27bac0000,0x00007fe27bac0000,0x00007fe326560000)
  to   space 2796160K, 0% used [0x00007fe326560000,0x00007fe326560000,0x00007fe3d1000000)
 ParOldGen       total 44739264K, used 402080K [0x00007fd3d1000000, 0x00007fde7bab0000, 0x00007fde7bab0000)
  object space 44739264K, 0% used [0x00007fd3d1000000,0x00007fd3e98a8228,0x00007fde7bab0000)
 PSPermGen       total 21248K, used 5302K [0x00007fd3cbe00000, 0x00007fd3cd2c0000, 0x00007fd3d1000000)
  object space 21248K, 24% used [0x00007fd3cbe00000,0x00007fd3cc32db68,0x00007fd3cd2c0000)

